<?xml version="1.0" encoding="UTF-8"?>
<testsuite name="censusanalyser.CensusAnalyserTest" tests="10" skipped="0" failures="0" errors="0" timestamp="2020-05-01T11:02:11" hostname="DESKTOP-PF8MVFB" time="0.936">
  <properties/>
  <testcase name="givenIndianCensusData_WithIncorrectDelimiter_Should_ReturnException" classname="censusanalyser.CensusAnalyserTest" time="0.005"/>
  <testcase name="givenIndianCensusData_WithWrongFileType_Should_ReturnException" classname="censusanalyser.CensusAnalyserTest" time="0.133"/>
  <testcase name="givenIndiaStateCensusData_WithWrongHeader_ShouldThrowException" classname="censusanalyser.CensusAnalyserTest" time="0.728"/>
  <testcase name="givenIndianCensusCSVFileReturnsCorrectRecords" classname="censusanalyser.CensusAnalyserTest" time="0.053"/>
  <testcase name="givenIndianStateCodeCSVFileReturnsCorrectRecords" classname="censusanalyser.CensusAnalyserTest" time="0.007"/>
  <testcase name="givenStateCode_WithWrongFileType_Should_ReturnException" classname="censusanalyser.CensusAnalyserTest" time="0.003"/>
  <testcase name="givenIndiaCensusData_WithWrongFile_ShouldThrowException" classname="censusanalyser.CensusAnalyserTest" time="0.001"/>
  <testcase name="givenIndianStateCodeData_WithWrongFile_ShouldThrowException" classname="censusanalyser.CensusAnalyserTest" time="0.001"/>
  <testcase name="givenIndiaStateCodeData_WithWrongHeader_ShouldThrowException" classname="censusanalyser.CensusAnalyserTest" time="0.001"/>
  <testcase name="givenStateCode_WithIncorrectDelimiter_Should_ReturnException" classname="censusanalyser.CensusAnalyserTest" time="0.0"/>
  <system-out><![CDATA[]]></system-out>
  <system-err><![CDATA[]]></system-err>
</testsuite>
