<?xml version="1.0" encoding="UTF-8"?>
<testsuite name="censusanalyser.CensusAnalyserTest" tests="15" skipped="0" failures="0" errors="0" timestamp="2020-05-10T05:53:38" hostname="DESKTOP-PF8MVFB" time="0.856">
  <properties/>
  <testcase name="givenIndianCensusData_WithIncorrectDelimiter_Should_ReturnException" classname="censusanalyser.CensusAnalyserTest" time="0.25"/>
  <testcase name="givenIndianCensusData_WhenSortedOnArea_ShouldReturnSortedResult" classname="censusanalyser.CensusAnalyserTest" time="0.2"/>
  <testcase name="givenIndianCensusData_WithWrongFileType_Should_ReturnException" classname="censusanalyser.CensusAnalyserTest" time="0.003"/>
  <testcase name="givenIndiaStateCensusData_WithWrongHeader_ShouldThrowException" classname="censusanalyser.CensusAnalyserTest" time="0.058"/>
  <testcase name="givenIndianCensusCSVFileReturnsCorrectRecords" classname="censusanalyser.CensusAnalyserTest" time="0.049"/>
  <testcase name="givenIndianCensusData_WhenSortedOnStateCode_ShouldReturnSortedResult" classname="censusanalyser.CensusAnalyserTest" time="0.006"/>
  <testcase name="givenIndianCensusData_WhenSortedOnPopulation_ShouldReturnSortedResult" classname="censusanalyser.CensusAnalyserTest" time="0.055"/>
  <testcase name="givenIndianCensusData_WhenSortedOnState_ShouldReturnSortedResult" classname="censusanalyser.CensusAnalyserTest" time="0.122"/>
  <testcase name="givenIndianStateCodeCSVFileReturnsCorrectRecords" classname="censusanalyser.CensusAnalyserTest" time="0.002"/>
  <testcase name="givenStateCode_WithWrongFileType_Should_ReturnException" classname="censusanalyser.CensusAnalyserTest" time="0.001"/>
  <testcase name="givenIndiaCensusData_WithWrongFile_ShouldThrowException" classname="censusanalyser.CensusAnalyserTest" time="0.001"/>
  <testcase name="givenIndianStateCodeData_WithWrongFile_ShouldThrowException" classname="censusanalyser.CensusAnalyserTest" time="0.001"/>
  <testcase name="givenIndianCensusData_WhenSortedOnPopulationDensity_ShouldReturnSortedResult" classname="censusanalyser.CensusAnalyserTest" time="0.058"/>
  <testcase name="givenIndiaStateCodeData_WithWrongHeader_ShouldThrowException" classname="censusanalyser.CensusAnalyserTest" time="0.029"/>
  <testcase name="givenStateCode_WithIncorrectDelimiter_Should_ReturnException" classname="censusanalyser.CensusAnalyserTest" time="0.015"/>
  <system-out><![CDATA[]]></system-out>
  <system-err><![CDATA[]]></system-err>
</testsuite>
